8863 [main] ERROR o.s.boot.SpringApplication - Application startup failed 
org.apache.camel.spring.boot.CamelSpringBootInitializationException: org.apache.camel.FailedToCreateRouteException: Failed to create route route1: Route(route1)[[From[quartz2://myGroup/myTimerName?cron=*+*+1... because of Failed to resolve endpoint: quartz2://myGroup/myTimerName?cron=*+*+10-18+%3F+*+MON-FRI due to: No component found with scheme: quartz2
	at org.apache.camel.spring.boot.RoutesCollector.onApplicationEvent(RoutesCollector.java:69) ~[camel-spring-boot-2.15.2.jar:2.15.2]
	at org.apache.camel.spring.boot.RoutesCollector.onApplicationEvent(RoutesCollector.java:29) ~[camel-spring-boot-2.15.2.jar:2.15.2]
	at org.springframework.context.event.SimpleApplicationEventMulticaster.invokeListener(SimpleApplicationEventMulticaster.java:151) ~[spring-context-4.1.7.RELEASE.jar:4.1.7.RELEASE]
	at org.springframework.context.event.SimpleApplicationEventMulticaster.multicastEvent(SimpleApplicationEventMulticaster.java:128) ~[spring-context-4.1.7.RELEASE.jar:4.1.7.RELEASE]
	at org.springframework.context.support.AbstractApplicationContext.publishEvent(AbstractApplicationContext.java:331) ~[spring-context-4.1.7.RELEASE.jar:4.1.7.RELEASE]
	at org.springframework.context.support.AbstractApplicationContext.finishRefresh(AbstractApplicationContext.java:773) ~[spring-context-4.1.7.RELEASE.jar:4.1.7.RELEASE]
	at org.springframework.boot.context.embedded.EmbeddedWebApplicationContext.finishRefresh(EmbeddedWebApplicationContext.java:140) ~[spring-boot-1.2.5.RELEASE.jar:1.2.5.RELEASE]
	at org.springframework.context.support.AbstractApplicationContext.refresh(AbstractApplicationContext.java:483) ~[spring-context-4.1.7.RELEASE.jar:4.1.7.RELEASE]
	at org.springframework.boot.context.embedded.EmbeddedWebApplicationContext.refresh(EmbeddedWebApplicationContext.java:118) ~[spring-boot-1.2.5.RELEASE.jar:1.2.5.RELEASE]
	at org.springframework.boot.SpringApplication.refresh(SpringApplication.java:686) [spring-boot-1.2.5.RELEASE.jar:1.2.5.RELEASE]
	at org.springframework.boot.SpringApplication.run(SpringApplication.java:320) [spring-boot-1.2.5.RELEASE.jar:1.2.5.RELEASE]
	at org.springframework.boot.SpringApplication.run(SpringApplication.java:957) [spring-boot-1.2.5.RELEASE.jar:1.2.5.RELEASE]
	at org.springframework.boot.SpringApplication.run(SpringApplication.java:946) [spring-boot-1.2.5.RELEASE.jar:1.2.5.RELEASE]
	at pl.java.scalatech.spring_camel.SpringBootCamelApp.main(SpringBootCamelApp.java:11) [bin/:na]
Caused by: org.apache.camel.FailedToCreateRouteException: Failed to create route route1: Route(route1)[[From[quartz2://myGroup/myTimerName?cron=*+*+1... because of Failed to resolve endpoint: quartz2://myGroup/myTimerName?cron=*+*+10-18+%3F+*+MON-FRI due to: No component found with scheme: quartz2
	at org.apache.camel.model.RouteDefinition.addRoutes(RouteDefinition.java:190) ~[camel-core-2.15.2.jar:2.15.2]
	at org.apache.camel.impl.DefaultCamelContext.startRoute(DefaultCamelContext.java:841) ~[camel-core-2.15.2.jar:2.15.2]
	at org.apache.camel.impl.DefaultCamelContext.startRouteDefinitions(DefaultCamelContext.java:2895) ~[camel-core-2.15.2.jar:2.15.2]
	at org.apache.camel.impl.DefaultCamelContext.doStartCamel(DefaultCamelContext.java:2618) ~[camel-core-2.15.2.jar:2.15.2]
	at org.apache.camel.impl.DefaultCamelContext.access$000(DefaultCamelContext.java:167) ~[camel-core-2.15.2.jar:2.15.2]
	at org.apache.camel.impl.DefaultCamelContext$2.call(DefaultCamelContext.java:2467) ~[camel-core-2.15.2.jar:2.15.2]
	at org.apache.camel.impl.DefaultCamelContext$2.call(DefaultCamelContext.java:2463) ~[camel-core-2.15.2.jar:2.15.2]
	at org.apache.camel.impl.DefaultCamelContext.doWithDefinedClassLoader(DefaultCamelContext.java:2486) ~[camel-core-2.15.2.jar:2.15.2]
	at org.apache.camel.impl.DefaultCamelContext.doStart(DefaultCamelContext.java:2463) ~[camel-core-2.15.2.jar:2.15.2]
	at org.apache.camel.support.ServiceSupport.start(ServiceSupport.java:61) ~[camel-core-2.15.2.jar:2.15.2]
	at org.apache.camel.impl.DefaultCamelContext.start(DefaultCamelContext.java:2432) ~[camel-core-2.15.2.jar:2.15.2]
	at org.apache.camel.spring.boot.RoutesCollector.onApplicationEvent(RoutesCollector.java:67) ~[camel-spring-boot-2.15.2.jar:2.15.2]
	... 13 common frames omitted
Caused by: org.apache.camel.ResolveEndpointFailedException: Failed to resolve endpoint: quartz2://myGroup/myTimerName?cron=*+*+10-18+%3F+*+MON-FRI due to: No component found with scheme: quartz2
	at org.apache.camel.impl.DefaultCamelContext.getEndpoint(DefaultCamelContext.java:584) ~[camel-core-2.15.2.jar:2.15.2]
	at org.apache.camel.util.CamelContextHelper.getMandatoryEndpoint(CamelContextHelper.java:79) ~[camel-core-2.15.2.jar:2.15.2]
	at org.apache.camel.model.RouteDefinition.resolveEndpoint(RouteDefinition.java:200) ~[camel-core-2.15.2.jar:2.15.2]
	at org.apache.camel.impl.DefaultRouteContext.resolveEndpoint(DefaultRouteContext.java:107) ~[camel-core-2.15.2.jar:2.15.2]
	at org.apache.camel.impl.DefaultRouteContext.resolveEndpoint(DefaultRouteContext.java:113) ~[camel-core-2.15.2.jar:2.15.2]
	at org.apache.camel.model.FromDefinition.resolveEndpoint(FromDefinition.java:70) ~[camel-core-2.15.2.jar:2.15.2]
	at org.apache.camel.impl.DefaultRouteContext.getEndpoint(DefaultRouteContext.java:89) ~[camel-core-2.15.2.jar:2.15.2]
	at org.apache.camel.model.RouteDefinition.addRoutes(RouteDefinition.java:1008) ~[camel-core-2.15.2.jar:2.15.2]
	at org.apache.camel.model.RouteDefinition.addRoutes(RouteDefinition.java:185) ~[camel-core-2.15.2.jar:2.15.2]
	... 24 common frames omitted
6400 [main] WARN  o.s.b.c.e.AnnotationConfigEmbeddedWebApplicationContext - Exception encountered during context initialization - cancelling refresh attempt 
org.springframework.beans.factory.BeanCreationException: Error creating bean with name 'springBootCamelApp': Injection of autowired dependencies failed; nested exception is org.springframework.beans.factory.BeanCreationException: Could not autowire field: private org.apache.camel.CamelContext pl.java.scalatech.spring_camel.SpringBootCamelApp.camelContext; nested exception is org.springframework.beans.factory.NoSuchBeanDefinitionException: No qualifying bean of type [org.apache.camel.CamelContext] found for dependency: expected at least 1 bean which qualifies as autowire candidate for this dependency. Dependency annotations: {@org.springframework.beans.factory.annotation.Autowired(required=true)}
	at org.springframework.beans.factory.annotation.AutowiredAnnotationBeanPostProcessor.postProcessPropertyValues(AutowiredAnnotationBeanPostProcessor.java:334) ~[spring-beans-4.1.7.RELEASE.jar:4.1.7.RELEASE]
	at org.springframework.beans.factory.support.AbstractAutowireCapableBeanFactory.populateBean(AbstractAutowireCapableBeanFactory.java:1210) ~[spring-beans-4.1.7.RELEASE.jar:4.1.7.RELEASE]
	at org.springframework.beans.factory.support.AbstractAutowireCapableBeanFactory.doCreateBean(AbstractAutowireCapableBeanFactory.java:537) ~[spring-beans-4.1.7.RELEASE.jar:4.1.7.RELEASE]
	at org.springframework.beans.factory.support.AbstractAutowireCapableBeanFactory.createBean(AbstractAutowireCapableBeanFactory.java:476) ~[spring-beans-4.1.7.RELEASE.jar:4.1.7.RELEASE]
	at org.springframework.beans.factory.support.AbstractBeanFactory$1.getObject(AbstractBeanFactory.java:303) ~[spring-beans-4.1.7.RELEASE.jar:4.1.7.RELEASE]
	at org.springframework.beans.factory.support.DefaultSingletonBeanRegistry.getSingleton(DefaultSingletonBeanRegistry.java:230) ~[spring-beans-4.1.7.RELEASE.jar:4.1.7.RELEASE]
	at org.springframework.beans.factory.support.AbstractBeanFactory.doGetBean(AbstractBeanFactory.java:299) ~[spring-beans-4.1.7.RELEASE.jar:4.1.7.RELEASE]
	at org.springframework.beans.factory.support.AbstractBeanFactory.getBean(AbstractBeanFactory.java:194) ~[spring-beans-4.1.7.RELEASE.jar:4.1.7.RELEASE]
	at org.springframework.beans.factory.support.DefaultListableBeanFactory.preInstantiateSingletons(DefaultListableBeanFactory.java:755) ~[spring-beans-4.1.7.RELEASE.jar:4.1.7.RELEASE]
	at org.springframework.context.support.AbstractApplicationContext.finishBeanFactoryInitialization(AbstractApplicationContext.java:757) ~[spring-context-4.1.7.RELEASE.jar:4.1.7.RELEASE]
	at org.springframework.context.support.AbstractApplicationContext.refresh(AbstractApplicationContext.java:480) ~[spring-context-4.1.7.RELEASE.jar:4.1.7.RELEASE]
	at org.springframework.boot.context.embedded.EmbeddedWebApplicationContext.refresh(EmbeddedWebApplicationContext.java:118) [spring-boot-1.2.5.RELEASE.jar:1.2.5.RELEASE]
	at org.springframework.boot.SpringApplication.refresh(SpringApplication.java:686) [spring-boot-1.2.5.RELEASE.jar:1.2.5.RELEASE]
	at org.springframework.boot.SpringApplication.run(SpringApplication.java:320) [spring-boot-1.2.5.RELEASE.jar:1.2.5.RELEASE]
	at org.springframework.boot.SpringApplication.run(SpringApplication.java:957) [spring-boot-1.2.5.RELEASE.jar:1.2.5.RELEASE]
	at org.springframework.boot.SpringApplication.run(SpringApplication.java:946) [spring-boot-1.2.5.RELEASE.jar:1.2.5.RELEASE]
	at pl.java.scalatech.spring_camel.SpringBootCamelApp.main(SpringBootCamelApp.java:15) [bin/:na]
Caused by: org.springframework.beans.factory.BeanCreationException: Could not autowire field: private org.apache.camel.CamelContext pl.java.scalatech.spring_camel.SpringBootCamelApp.camelContext; nested exception is org.springframework.beans.factory.NoSuchBeanDefinitionException: No qualifying bean of type [org.apache.camel.CamelContext] found for dependency: expected at least 1 bean which qualifies as autowire candidate for this dependency. Dependency annotations: {@org.springframework.beans.factory.annotation.Autowired(required=true)}
	at org.springframework.beans.factory.annotation.AutowiredAnnotationBeanPostProcessor$AutowiredFieldElement.inject(AutowiredAnnotationBeanPostProcessor.java:561) ~[spring-beans-4.1.7.RELEASE.jar:4.1.7.RELEASE]
	at org.springframework.beans.factory.annotation.InjectionMetadata.inject(InjectionMetadata.java:88) ~[spring-beans-4.1.7.RELEASE.jar:4.1.7.RELEASE]
	at org.springframework.beans.factory.annotation.AutowiredAnnotationBeanPostProcessor.postProcessPropertyValues(AutowiredAnnotationBeanPostProcessor.java:331) ~[spring-beans-4.1.7.RELEASE.jar:4.1.7.RELEASE]
	... 16 common frames omitted
Caused by: org.springframework.beans.factory.NoSuchBeanDefinitionException: No qualifying bean of type [org.apache.camel.CamelContext] found for dependency: expected at least 1 bean which qualifies as autowire candidate for this dependency. Dependency annotations: {@org.springframework.beans.factory.annotation.Autowired(required=true)}
	at org.springframework.beans.factory.support.DefaultListableBeanFactory.raiseNoSuchBeanDefinitionException(DefaultListableBeanFactory.java:1301) ~[spring-beans-4.1.7.RELEASE.jar:4.1.7.RELEASE]
	at org.springframework.beans.factory.support.DefaultListableBeanFactory.doResolveDependency(DefaultListableBeanFactory.java:1047) ~[spring-beans-4.1.7.RELEASE.jar:4.1.7.RELEASE]
	at org.springframework.beans.factory.support.DefaultListableBeanFactory.resolveDependency(DefaultListableBeanFactory.java:942) ~[spring-beans-4.1.7.RELEASE.jar:4.1.7.RELEASE]
	at org.springframework.beans.factory.annotation.AutowiredAnnotationBeanPostProcessor$AutowiredFieldElement.inject(AutowiredAnnotationBeanPostProcessor.java:533) ~[spring-beans-4.1.7.RELEASE.jar:4.1.7.RELEASE]
	... 18 common frames omitted
6421 [main] ERROR o.s.boot.SpringApplication - Application startup failed 
org.springframework.beans.factory.BeanCreationException: Error creating bean with name 'springBootCamelApp': Injection of autowired dependencies failed; nested exception is org.springframework.beans.factory.BeanCreationException: Could not autowire field: private org.apache.camel.CamelContext pl.java.scalatech.spring_camel.SpringBootCamelApp.camelContext; nested exception is org.springframework.beans.factory.NoSuchBeanDefinitionException: No qualifying bean of type [org.apache.camel.CamelContext] found for dependency: expected at least 1 bean which qualifies as autowire candidate for this dependency. Dependency annotations: {@org.springframework.beans.factory.annotation.Autowired(required=true)}
	at org.springframework.beans.factory.annotation.AutowiredAnnotationBeanPostProcessor.postProcessPropertyValues(AutowiredAnnotationBeanPostProcessor.java:334) ~[spring-beans-4.1.7.RELEASE.jar:4.1.7.RELEASE]
	at org.springframework.beans.factory.support.AbstractAutowireCapableBeanFactory.populateBean(AbstractAutowireCapableBeanFactory.java:1210) ~[spring-beans-4.1.7.RELEASE.jar:4.1.7.RELEASE]
	at org.springframework.beans.factory.support.AbstractAutowireCapableBeanFactory.doCreateBean(AbstractAutowireCapableBeanFactory.java:537) ~[spring-beans-4.1.7.RELEASE.jar:4.1.7.RELEASE]
	at org.springframework.beans.factory.support.AbstractAutowireCapableBeanFactory.createBean(AbstractAutowireCapableBeanFactory.java:476) ~[spring-beans-4.1.7.RELEASE.jar:4.1.7.RELEASE]
	at org.springframework.beans.factory.support.AbstractBeanFactory$1.getObject(AbstractBeanFactory.java:303) ~[spring-beans-4.1.7.RELEASE.jar:4.1.7.RELEASE]
	at org.springframework.beans.factory.support.DefaultSingletonBeanRegistry.getSingleton(DefaultSingletonBeanRegistry.java:230) ~[spring-beans-4.1.7.RELEASE.jar:4.1.7.RELEASE]
	at org.springframework.beans.factory.support.AbstractBeanFactory.doGetBean(AbstractBeanFactory.java:299) ~[spring-beans-4.1.7.RELEASE.jar:4.1.7.RELEASE]
	at org.springframework.beans.factory.support.AbstractBeanFactory.getBean(AbstractBeanFactory.java:194) ~[spring-beans-4.1.7.RELEASE.jar:4.1.7.RELEASE]
	at org.springframework.beans.factory.support.DefaultListableBeanFactory.preInstantiateSingletons(DefaultListableBeanFactory.java:755) ~[spring-beans-4.1.7.RELEASE.jar:4.1.7.RELEASE]
	at org.springframework.context.support.AbstractApplicationContext.finishBeanFactoryInitialization(AbstractApplicationContext.java:757) ~[spring-context-4.1.7.RELEASE.jar:4.1.7.RELEASE]
	at org.springframework.context.support.AbstractApplicationContext.refresh(AbstractApplicationContext.java:480) ~[spring-context-4.1.7.RELEASE.jar:4.1.7.RELEASE]
	at org.springframework.boot.context.embedded.EmbeddedWebApplicationContext.refresh(EmbeddedWebApplicationContext.java:118) ~[spring-boot-1.2.5.RELEASE.jar:1.2.5.RELEASE]
	at org.springframework.boot.SpringApplication.refresh(SpringApplication.java:686) [spring-boot-1.2.5.RELEASE.jar:1.2.5.RELEASE]
	at org.springframework.boot.SpringApplication.run(SpringApplication.java:320) [spring-boot-1.2.5.RELEASE.jar:1.2.5.RELEASE]
	at org.springframework.boot.SpringApplication.run(SpringApplication.java:957) [spring-boot-1.2.5.RELEASE.jar:1.2.5.RELEASE]
	at org.springframework.boot.SpringApplication.run(SpringApplication.java:946) [spring-boot-1.2.5.RELEASE.jar:1.2.5.RELEASE]
	at pl.java.scalatech.spring_camel.SpringBootCamelApp.main(SpringBootCamelApp.java:15) [bin/:na]
Caused by: org.springframework.beans.factory.BeanCreationException: Could not autowire field: private org.apache.camel.CamelContext pl.java.scalatech.spring_camel.SpringBootCamelApp.camelContext; nested exception is org.springframework.beans.factory.NoSuchBeanDefinitionException: No qualifying bean of type [org.apache.camel.CamelContext] found for dependency: expected at least 1 bean which qualifies as autowire candidate for this dependency. Dependency annotations: {@org.springframework.beans.factory.annotation.Autowired(required=true)}
	at org.springframework.beans.factory.annotation.AutowiredAnnotationBeanPostProcessor$AutowiredFieldElement.inject(AutowiredAnnotationBeanPostProcessor.java:561) ~[spring-beans-4.1.7.RELEASE.jar:4.1.7.RELEASE]
	at org.springframework.beans.factory.annotation.InjectionMetadata.inject(InjectionMetadata.java:88) ~[spring-beans-4.1.7.RELEASE.jar:4.1.7.RELEASE]
	at org.springframework.beans.factory.annotation.AutowiredAnnotationBeanPostProcessor.postProcessPropertyValues(AutowiredAnnotationBeanPostProcessor.java:331) ~[spring-beans-4.1.7.RELEASE.jar:4.1.7.RELEASE]
	... 16 common frames omitted
Caused by: org.springframework.beans.factory.NoSuchBeanDefinitionException: No qualifying bean of type [org.apache.camel.CamelContext] found for dependency: expected at least 1 bean which qualifies as autowire candidate for this dependency. Dependency annotations: {@org.springframework.beans.factory.annotation.Autowired(required=true)}
	at org.springframework.beans.factory.support.DefaultListableBeanFactory.raiseNoSuchBeanDefinitionException(DefaultListableBeanFactory.java:1301) ~[spring-beans-4.1.7.RELEASE.jar:4.1.7.RELEASE]
	at org.springframework.beans.factory.support.DefaultListableBeanFactory.doResolveDependency(DefaultListableBeanFactory.java:1047) ~[spring-beans-4.1.7.RELEASE.jar:4.1.7.RELEASE]
	at org.springframework.beans.factory.support.DefaultListableBeanFactory.resolveDependency(DefaultListableBeanFactory.java:942) ~[spring-beans-4.1.7.RELEASE.jar:4.1.7.RELEASE]
	at org.springframework.beans.factory.annotation.AutowiredAnnotationBeanPostProcessor$AutowiredFieldElement.inject(AutowiredAnnotationBeanPostProcessor.java:533) ~[spring-beans-4.1.7.RELEASE.jar:4.1.7.RELEASE]
	... 18 common frames omitted
9606 [main] ERROR o.s.boot.SpringApplication - Application startup failed 
org.apache.camel.spring.boot.CamelSpringBootInitializationException: org.apache.camel.FailedToStartRouteException: Failed to start route route2 because of Multiple consumers for the same endpoint is not allowed: Endpoint[quartz2://myGroup/myTimerName?cron=*+*+10-18+%3F+*+MON-FRI]
	at org.apache.camel.spring.boot.RoutesCollector.onApplicationEvent(RoutesCollector.java:69) ~[camel-spring-boot-2.15.2.jar:2.15.2]
	at org.apache.camel.spring.boot.RoutesCollector.onApplicationEvent(RoutesCollector.java:29) ~[camel-spring-boot-2.15.2.jar:2.15.2]
	at org.springframework.context.event.SimpleApplicationEventMulticaster.invokeListener(SimpleApplicationEventMulticaster.java:151) ~[spring-context-4.1.7.RELEASE.jar:4.1.7.RELEASE]
	at org.springframework.context.event.SimpleApplicationEventMulticaster.multicastEvent(SimpleApplicationEventMulticaster.java:128) ~[spring-context-4.1.7.RELEASE.jar:4.1.7.RELEASE]
	at org.springframework.context.support.AbstractApplicationContext.publishEvent(AbstractApplicationContext.java:331) ~[spring-context-4.1.7.RELEASE.jar:4.1.7.RELEASE]
	at org.springframework.context.support.AbstractApplicationContext.finishRefresh(AbstractApplicationContext.java:773) ~[spring-context-4.1.7.RELEASE.jar:4.1.7.RELEASE]
	at org.springframework.boot.context.embedded.EmbeddedWebApplicationContext.finishRefresh(EmbeddedWebApplicationContext.java:140) ~[spring-boot-1.2.5.RELEASE.jar:1.2.5.RELEASE]
	at org.springframework.context.support.AbstractApplicationContext.refresh(AbstractApplicationContext.java:483) ~[spring-context-4.1.7.RELEASE.jar:4.1.7.RELEASE]
	at org.springframework.boot.context.embedded.EmbeddedWebApplicationContext.refresh(EmbeddedWebApplicationContext.java:118) ~[spring-boot-1.2.5.RELEASE.jar:1.2.5.RELEASE]
	at org.springframework.boot.SpringApplication.refresh(SpringApplication.java:686) [spring-boot-1.2.5.RELEASE.jar:1.2.5.RELEASE]
	at org.springframework.boot.SpringApplication.run(SpringApplication.java:320) [spring-boot-1.2.5.RELEASE.jar:1.2.5.RELEASE]
	at org.springframework.boot.SpringApplication.run(SpringApplication.java:957) [spring-boot-1.2.5.RELEASE.jar:1.2.5.RELEASE]
	at org.springframework.boot.SpringApplication.run(SpringApplication.java:946) [spring-boot-1.2.5.RELEASE.jar:1.2.5.RELEASE]
	at pl.java.scalatech.spring_camel.SpringBootCamelApp.main(SpringBootCamelApp.java:15) [bin/:na]
Caused by: org.apache.camel.FailedToStartRouteException: Failed to start route route2 because of Multiple consumers for the same endpoint is not allowed: Endpoint[quartz2://myGroup/myTimerName?cron=*+*+10-18+%3F+*+MON-FRI]
	at org.apache.camel.impl.DefaultCamelContext.doStartOrResumeRouteConsumers(DefaultCamelContext.java:3123) ~[camel-core-2.15.2.jar:2.15.2]
	at org.apache.camel.impl.DefaultCamelContext.doStartRouteConsumers(DefaultCamelContext.java:3099) ~[camel-core-2.15.2.jar:2.15.2]
	at org.apache.camel.impl.DefaultCamelContext.safelyStartRouteServices(DefaultCamelContext.java:3029) ~[camel-core-2.15.2.jar:2.15.2]
	at org.apache.camel.impl.DefaultCamelContext.doStartOrResumeRoutes(DefaultCamelContext.java:2797) ~[camel-core-2.15.2.jar:2.15.2]
	at org.apache.camel.impl.DefaultCamelContext.doStartCamel(DefaultCamelContext.java:2653) ~[camel-core-2.15.2.jar:2.15.2]
	at org.apache.camel.impl.DefaultCamelContext.access$000(DefaultCamelContext.java:167) ~[camel-core-2.15.2.jar:2.15.2]
	at org.apache.camel.impl.DefaultCamelContext$2.call(DefaultCamelContext.java:2467) ~[camel-core-2.15.2.jar:2.15.2]
	at org.apache.camel.impl.DefaultCamelContext$2.call(DefaultCamelContext.java:2463) ~[camel-core-2.15.2.jar:2.15.2]
	at org.apache.camel.impl.DefaultCamelContext.doWithDefinedClassLoader(DefaultCamelContext.java:2486) ~[camel-core-2.15.2.jar:2.15.2]
	at org.apache.camel.impl.DefaultCamelContext.doStart(DefaultCamelContext.java:2463) ~[camel-core-2.15.2.jar:2.15.2]
	at org.apache.camel.support.ServiceSupport.start(ServiceSupport.java:61) ~[camel-core-2.15.2.jar:2.15.2]
	at org.apache.camel.impl.DefaultCamelContext.start(DefaultCamelContext.java:2432) ~[camel-core-2.15.2.jar:2.15.2]
	at org.apache.camel.spring.boot.RoutesCollector.onApplicationEvent(RoutesCollector.java:67) ~[camel-spring-boot-2.15.2.jar:2.15.2]
	... 13 common frames omitted
